<?xml version="1.0" encoding="UTF-8"?>
<!-- Generated by org.testng.reporters.JUnitXMLReporter -->
<testsuite ignored="0" hostname="Munnu" failures="0" tests="3" name="Test02" time="0.101" errors="0" timestamp="2024-02-13T15:54:01 EST">
  <testcase classname="PKG001.MyTestNGClass001" name="DemoTC1" time="0.011"/>
  <testcase classname="PKG001.MyTestNGClass001" name="DemoTC2" time="0.002"/>
  <testcase classname="PKG001.MyTestNGClass002" name="DemoBTC01B" time="0.002"/>
</testsuite> <!-- Test02 -->
