<?xml version="1.0" encoding="UTF-8"?>
<!-- Generated by org.testng.reporters.JUnitXMLReporter -->
<testsuite ignored="0" hostname="Munnu" failures="0" tests="3" name="Testfolder01" time="0.153" errors="0" timestamp="2024-02-01T09:53:06 EST">
  <testcase classname="PKG001.MyTestNGClass001" name="DemoTC1" time="0.022"/>
  <testcase classname="PKG001.MyTestNGClass001" name="DemoTC2" time="0.004"/>
  <testcase classname="PKG001.MyTestNGClass002" name="DemoBTC01B" time="0.013"/>
</testsuite> <!-- Testfolder01 -->
